---------------------------------------------------------------
[ 2018-08-20T11:04:06+08:00 ] 127.0.0.1 GET /merchat/Index/index.html
[ info ] payment.my.com/merchat/Index/index.html [运行时间：0.049550s][吞吐率：20.18req/s] [内存消耗：1,687.91kb] [文件加载：49]
[ info ] [ LANG ] E:\phpstudy2018\PHPTutorial\WWW\payment-system\thinkphp\lang\zh-cn.php
[ info ] [ ROUTE ] array (
  'type' => 'module',
  'module' => 
  array (
    0 => 'merchat',
    1 => 'Index',
    2 => 'index',
  ),
)
[ info ] [ HEADER ] array (
  'cookie' => 'pgv_pvi=5302217728; pgv_si=s1521734656; thinkphp_show_page_trace=0|0; PHPSESSID=bc6sg1e5b3r15lfe37abvjrgg2; ckCsrfToken=Wl4DL05i5G55d406YJnudF2q8gvZ3K9aI577bz6M',
  'accept-language' => 'zh-CN,zh;q=0.9',
  'accept-encoding' => 'gzip, deflate',
  'referer' => 'http://payment.my.com/merchat/login/login.html',
  'accept' => 'text/html,application/xhtml+xml,application/xml;q=0.9,image/webp,image/apng,*/*;q=0.8',
  'user-agent' => 'Mozilla/5.0 (Windows NT 10.0; Win64; x64) AppleWebKit/537.36 (KHTML, like Gecko) Chrome/68.0.3440.106 Safari/537.36',
  'upgrade-insecure-requests' => '1',
  'cache-control' => 'no-cache',
  'pragma' => 'no-cache',
  'connection' => 'close',
  'host' => 'payment.my.com',
)
[ info ] [ PARAM ] array (
  '/merchat/Index/index_html' => '',
)
[ info ] [ SESSION ] INIT array (
  'id' => '',
  'var_session_id' => '',
  'prefix' => 'think',
  'type' => '',
  'auto_start' => true,
)
[ info ] [ RUN ] app\common\controller\Base->_empty[ E:\phpstudy2018\PHPTutorial\WWW\payment-system\application\common\controller\Base.php ]
[ info ] [ VIEW ] E:\phpstudy2018\PHPTutorial\WWW\payment-system\public/../application/merchat\view\index\index.html [ array (
) ]
[ info ] [ LOG ] INIT File
---------------------------------------------------------------
[ 2018-08-20T11:04:06+08:00 ] 127.0.0.1 GET /merchat/index/welcome.html
[ info ] payment.my.com/merchat/index/welcome.html [运行时间：0.061544s][吞吐率：16.25req/s] [内存消耗：1,679.05kb] [文件加载：49]
[ info ] [ LANG ] E:\phpstudy2018\PHPTutorial\WWW\payment-system\thinkphp\lang\zh-cn.php
[ info ] [ ROUTE ] array (
  'type' => 'module',
  'module' => 
  array (
    0 => 'merchat',
    1 => 'index',
    2 => 'welcome',
  ),
)
[ info ] [ HEADER ] array (
  'cookie' => 'thinkphp_show_page_trace=0|0; pgv_pvi=5302217728; pgv_si=s1521734656; thinkphp_show_page_trace=0|0; PHPSESSID=bc6sg1e5b3r15lfe37abvjrgg2; ckCsrfToken=Wl4DL05i5G55d406YJnudF2q8gvZ3K9aI577bz6M',
  'accept-language' => 'zh-CN,zh;q=0.9',
  'accept-encoding' => 'gzip, deflate',
  'referer' => 'http://payment.my.com/merchat/Index/index.html',
  'accept' => 'text/html,application/xhtml+xml,application/xml;q=0.9,image/webp,image/apng,*/*;q=0.8',
  'user-agent' => 'Mozilla/5.0 (Windows NT 10.0; Win64; x64) AppleWebKit/537.36 (KHTML, like Gecko) Chrome/68.0.3440.106 Safari/537.36',
  'upgrade-insecure-requests' => '1',
  'cache-control' => 'no-cache',
  'pragma' => 'no-cache',
  'connection' => 'close',
  'host' => 'payment.my.com',
)
[ info ] [ PARAM ] array (
  '/merchat/index/welcome_html' => '',
)
[ info ] [ SESSION ] INIT array (
  'id' => '',
  'var_session_id' => '',
  'prefix' => 'think',
  'type' => '',
  'auto_start' => true,
)
[ info ] [ RUN ] app\common\controller\Base->_empty[ E:\phpstudy2018\PHPTutorial\WWW\payment-system\application\common\controller\Base.php ]
[ info ] [ VIEW ] E:\phpstudy2018\PHPTutorial\WWW\payment-system\public/../application/merchat\view\index\welcome.html [ array (
) ]
[ info ] [ LOG ] INIT File
---------------------------------------------------------------
[ 2018-08-20T11:04:08+08:00 ] 127.0.0.1 GET /merchat/Account/info.html
[ info ] payment.my.com/merchat/Account/info.html [运行时间：0.077250s][吞吐率：12.94req/s] [内存消耗：2,431.23kb] [文件加载：58]
[ info ] [ LANG ] E:\phpstudy2018\PHPTutorial\WWW\payment-system\thinkphp\lang\zh-cn.php
[ info ] [ ROUTE ] array (
  'type' => 'module',
  'module' => 
  array (
    0 => 'merchat',
    1 => 'Account',
    2 => 'info',
  ),
)
[ info ] [ HEADER ] array (
  'cookie' => 'pgv_pvi=5302217728; pgv_si=s1521734656; thinkphp_show_page_trace=0|0; PHPSESSID=bc6sg1e5b3r15lfe37abvjrgg2; ckCsrfToken=Wl4DL05i5G55d406YJnudF2q8gvZ3K9aI577bz6M',
  'accept-language' => 'zh-CN,zh;q=0.9',
  'accept-encoding' => 'gzip, deflate',
  'referer' => 'http://payment.my.com/merchat/Index/index.html',
  'accept' => 'text/html,application/xhtml+xml,application/xml;q=0.9,image/webp,image/apng,*/*;q=0.8',
  'user-agent' => 'Mozilla/5.0 (Windows NT 10.0; Win64; x64) AppleWebKit/537.36 (KHTML, like Gecko) Chrome/68.0.3440.106 Safari/537.36',
  'upgrade-insecure-requests' => '1',
  'connection' => 'close',
  'host' => 'payment.my.com',
)
[ info ] [ PARAM ] array (
  '/merchat/Account/info_html' => '',
)
[ info ] [ SESSION ] INIT array (
  'id' => '',
  'var_session_id' => '',
  'prefix' => 'think',
  'type' => '',
  'auto_start' => true,
)
[ info ] [ DB ] INIT mysql
[ info ] [ RUN ] app\merchat\controller\Account->info[ E:\phpstudy2018\PHPTutorial\WWW\payment-system\application\merchat\controller\Account.php ]
[ info ] [ VIEW ] E:\phpstudy2018\PHPTutorial\WWW\payment-system\public/../application/merchat\view\account\info.html [ array (
  0 => 'base',
  1 => 'detail',
) ]
[ info ] [ LOG ] INIT File
[ sql ] [ DB ] CONNECT:[ UseTime:0.002131s ] mysql:host=127.0.0.1;port=3306;dbname=payment;charset=utf8
[ sql ] [ SQL ] SHOW COLUMNS FROM `merchat` [ RunTime:0.017959s ]
[ sql ] [ SQL ] SELECT * FROM `merchat` WHERE  `id` = 1 LIMIT 1 [ RunTime:0.000547s ]
[ sql ] [ SQL ] SHOW COLUMNS FROM `merchat_detail` [ RunTime:0.015674s ]
[ sql ] [ SQL ] SELECT * FROM `merchat_detail` WHERE  `merchat_id` = 1 LIMIT 1 [ RunTime:0.000343s ]
---------------------------------------------------------------
[ 2018-08-20T11:04:16+08:00 ] 127.0.0.1 GET /merchat/Index/index.html
[ info ] payment.my.com/merchat/Index/index.html [运行时间：0.050494s][吞吐率：19.80req/s] [内存消耗：1,569.24kb] [文件加载：47]
[ info ] [ LANG ] E:\phpstudy2018\PHPTutorial\WWW\payment-system\thinkphp\lang\zh-cn.php
[ info ] [ ROUTE ] array (
  'type' => 'module',
  'module' => 
  array (
    0 => 'merchat',
    1 => 'Index',
    2 => 'index',
  ),
)
[ info ] [ HEADER ] array (
  'cookie' => 'pgv_pvi=5302217728; pgv_si=s1521734656; thinkphp_show_page_trace=0|0; PHPSESSID=bc6sg1e5b3r15lfe37abvjrgg2; ckCsrfToken=Wl4DL05i5G55d406YJnudF2q8gvZ3K9aI577bz6M',
  'accept-language' => 'zh-CN,zh;q=0.9',
  'accept-encoding' => 'gzip, deflate',
  'referer' => 'http://payment.my.com/merchat/login/login.html',
  'accept' => 'text/html,application/xhtml+xml,application/xml;q=0.9,image/webp,image/apng,*/*;q=0.8',
  'user-agent' => 'Mozilla/5.0 (Windows NT 10.0; Win64; x64) AppleWebKit/537.36 (KHTML, like Gecko) Chrome/68.0.3440.106 Safari/537.36',
  'upgrade-insecure-requests' => '1',
  'cache-control' => 'no-cache',
  'pragma' => 'no-cache',
  'connection' => 'close',
  'host' => 'payment.my.com',
)
[ info ] [ PARAM ] array (
  '/merchat/Index/index_html' => '',
)
[ info ] [ SESSION ] INIT array (
  'id' => '',
  'var_session_id' => '',
  'prefix' => 'think',
  'type' => '',
  'auto_start' => true,
)
[ info ] [ RUN ] app\common\controller\Base->_empty[ E:\phpstudy2018\PHPTutorial\WWW\payment-system\application\common\controller\Base.php ]
[ info ] [ VIEW ] E:\phpstudy2018\PHPTutorial\WWW\payment-system\public/../application/merchat\view\index\index.html [ array (
) ]
[ info ] [ LOG ] INIT File
---------------------------------------------------------------
[ 2018-08-20T11:04:16+08:00 ] 127.0.0.1 GET /merchat/index/welcome.html
[ info ] payment.my.com/merchat/index/welcome.html [运行时间：0.034897s][吞吐率：28.66req/s] [内存消耗：1,567.02kb] [文件加载：47]
[ info ] [ LANG ] E:\phpstudy2018\PHPTutorial\WWW\payment-system\thinkphp\lang\zh-cn.php
[ info ] [ ROUTE ] array (
  'type' => 'module',
  'module' => 
  array (
    0 => 'merchat',
    1 => 'index',
    2 => 'welcome',
  ),
)
[ info ] [ HEADER ] array (
  'cookie' => 'thinkphp_show_page_trace=0|0; pgv_pvi=5302217728; pgv_si=s1521734656; thinkphp_show_page_trace=0|0; PHPSESSID=bc6sg1e5b3r15lfe37abvjrgg2; ckCsrfToken=Wl4DL05i5G55d406YJnudF2q8gvZ3K9aI577bz6M',
  'accept-language' => 'zh-CN,zh;q=0.9',
  'accept-encoding' => 'gzip, deflate',
  'referer' => 'http://payment.my.com/merchat/Index/index.html',
  'accept' => 'text/html,application/xhtml+xml,application/xml;q=0.9,image/webp,image/apng,*/*;q=0.8',
  'user-agent' => 'Mozilla/5.0 (Windows NT 10.0; Win64; x64) AppleWebKit/537.36 (KHTML, like Gecko) Chrome/68.0.3440.106 Safari/537.36',
  'upgrade-insecure-requests' => '1',
  'cache-control' => 'no-cache',
  'pragma' => 'no-cache',
  'connection' => 'close',
  'host' => 'payment.my.com',
)
[ info ] [ PARAM ] array (
  '/merchat/index/welcome_html' => '',
)
[ info ] [ SESSION ] INIT array (
  'id' => '',
  'var_session_id' => '',
  'prefix' => 'think',
  'type' => '',
  'auto_start' => true,
)
[ info ] [ RUN ] app\common\controller\Base->_empty[ E:\phpstudy2018\PHPTutorial\WWW\payment-system\application\common\controller\Base.php ]
[ info ] [ VIEW ] E:\phpstudy2018\PHPTutorial\WWW\payment-system\public/../application/merchat\view\index\welcome.html [ array (
) ]
[ info ] [ LOG ] INIT File
---------------------------------------------------------------
[ 2018-08-20T11:04:17+08:00 ] 127.0.0.1 GET /merchat/Account/info.html
[ info ] payment.my.com/merchat/Account/info.html [运行时间：0.074648s][吞吐率：13.40req/s] [内存消耗：2,288.05kb] [文件加载：56]
[ info ] [ LANG ] E:\phpstudy2018\PHPTutorial\WWW\payment-system\thinkphp\lang\zh-cn.php
[ info ] [ ROUTE ] array (
  'type' => 'module',
  'module' => 
  array (
    0 => 'merchat',
    1 => 'Account',
    2 => 'info',
  ),
)
[ info ] [ HEADER ] array (
  'cookie' => 'pgv_pvi=5302217728; pgv_si=s1521734656; thinkphp_show_page_trace=0|0; PHPSESSID=bc6sg1e5b3r15lfe37abvjrgg2; ckCsrfToken=Wl4DL05i5G55d406YJnudF2q8gvZ3K9aI577bz6M',
  'accept-language' => 'zh-CN,zh;q=0.9',
  'accept-encoding' => 'gzip, deflate',
  'referer' => 'http://payment.my.com/merchat/Index/index.html',
  'accept' => 'text/html,application/xhtml+xml,application/xml;q=0.9,image/webp,image/apng,*/*;q=0.8',
  'user-agent' => 'Mozilla/5.0 (Windows NT 10.0; Win64; x64) AppleWebKit/537.36 (KHTML, like Gecko) Chrome/68.0.3440.106 Safari/537.36',
  'upgrade-insecure-requests' => '1',
  'connection' => 'close',
  'host' => 'payment.my.com',
)
[ info ] [ PARAM ] array (
  '/merchat/Account/info_html' => '',
)
[ info ] [ SESSION ] INIT array (
  'id' => '',
  'var_session_id' => '',
  'prefix' => 'think',
  'type' => '',
  'auto_start' => true,
)
[ info ] [ DB ] INIT mysql
[ info ] [ RUN ] app\merchat\controller\Account->info[ E:\phpstudy2018\PHPTutorial\WWW\payment-system\application\merchat\controller\Account.php ]
[ info ] [ VIEW ] E:\phpstudy2018\PHPTutorial\WWW\payment-system\public/../application/merchat\view\account\info.html [ array (
  0 => 'base',
  1 => 'detail',
) ]
[ info ] [ LOG ] INIT File
[ sql ] [ DB ] CONNECT:[ UseTime:0.011065s ] mysql:host=127.0.0.1;port=3306;dbname=payment;charset=utf8
[ sql ] [ SQL ] SHOW COLUMNS FROM `merchat` [ RunTime:0.014951s ]
[ sql ] [ SQL ] SELECT * FROM `merchat` WHERE  `id` = 1 LIMIT 1 [ RunTime:0.000464s ]
[ sql ] [ SQL ] SHOW COLUMNS FROM `merchat_detail` [ RunTime:0.015823s ]
[ sql ] [ SQL ] SELECT * FROM `merchat_detail` WHERE  `merchat_id` = 1 LIMIT 1 [ RunTime:0.000415s ]
---------------------------------------------------------------
[ 2018-08-20T11:05:16+08:00 ] 127.0.0.1 GET /merchat/Index/index.html
[ info ] payment.my.com/merchat/Index/index.html [运行时间：0.045361s][吞吐率：22.05req/s] [内存消耗：1,569.24kb] [文件加载：47]
[ info ] [ LANG ] E:\phpstudy2018\PHPTutorial\WWW\payment-system\thinkphp\lang\zh-cn.php
[ info ] [ ROUTE ] array (
  'type' => 'module',
  'module' => 
  array (
    0 => 'merchat',
    1 => 'Index',
    2 => 'index',
  ),
)
[ info ] [ HEADER ] array (
  'cookie' => 'pgv_pvi=5302217728; pgv_si=s1521734656; thinkphp_show_page_trace=0|0; PHPSESSID=bc6sg1e5b3r15lfe37abvjrgg2; ckCsrfToken=Wl4DL05i5G55d406YJnudF2q8gvZ3K9aI577bz6M',
  'accept-language' => 'zh-CN,zh;q=0.9',
  'accept-encoding' => 'gzip, deflate',
  'referer' => 'http://payment.my.com/merchat/login/login.html',
  'accept' => 'text/html,application/xhtml+xml,application/xml;q=0.9,image/webp,image/apng,*/*;q=0.8',
  'user-agent' => 'Mozilla/5.0 (Windows NT 10.0; Win64; x64) AppleWebKit/537.36 (KHTML, like Gecko) Chrome/68.0.3440.106 Safari/537.36',
  'upgrade-insecure-requests' => '1',
  'cache-control' => 'no-cache',
  'pragma' => 'no-cache',
  'connection' => 'close',
  'host' => 'payment.my.com',
)
[ info ] [ PARAM ] array (
  '/merchat/Index/index_html' => '',
)
[ info ] [ SESSION ] INIT array (
  'id' => '',
  'var_session_id' => '',
  'prefix' => 'think',
  'type' => '',
  'auto_start' => true,
)
[ info ] [ RUN ] app\common\controller\Base->_empty[ E:\phpstudy2018\PHPTutorial\WWW\payment-system\application\common\controller\Base.php ]
[ info ] [ VIEW ] E:\phpstudy2018\PHPTutorial\WWW\payment-system\public/../application/merchat\view\index\index.html [ array (
) ]
[ info ] [ LOG ] INIT File
---------------------------------------------------------------
[ 2018-08-20T11:05:16+08:00 ] 127.0.0.1 GET /merchat/index/welcome.html
[ info ] payment.my.com/merchat/index/welcome.html [运行时间：0.026112s][吞吐率：38.30req/s] [内存消耗：1,567.02kb] [文件加载：47]
[ info ] [ LANG ] E:\phpstudy2018\PHPTutorial\WWW\payment-system\thinkphp\lang\zh-cn.php
[ info ] [ ROUTE ] array (
  'type' => 'module',
  'module' => 
  array (
    0 => 'merchat',
    1 => 'index',
    2 => 'welcome',
  ),
)
[ info ] [ HEADER ] array (
  'cookie' => 'thinkphp_show_page_trace=0|0; pgv_pvi=5302217728; pgv_si=s1521734656; thinkphp_show_page_trace=0|0; PHPSESSID=bc6sg1e5b3r15lfe37abvjrgg2; ckCsrfToken=Wl4DL05i5G55d406YJnudF2q8gvZ3K9aI577bz6M',
  'accept-language' => 'zh-CN,zh;q=0.9',
  'accept-encoding' => 'gzip, deflate',
  'referer' => 'http://payment.my.com/merchat/Index/index.html',
  'accept' => 'text/html,application/xhtml+xml,application/xml;q=0.9,image/webp,image/apng,*/*;q=0.8',
  'user-agent' => 'Mozilla/5.0 (Windows NT 10.0; Win64; x64) AppleWebKit/537.36 (KHTML, like Gecko) Chrome/68.0.3440.106 Safari/537.36',
  'upgrade-insecure-requests' => '1',
  'cache-control' => 'no-cache',
  'pragma' => 'no-cache',
  'connection' => 'close',
  'host' => 'payment.my.com',
)
[ info ] [ PARAM ] array (
  '/merchat/index/welcome_html' => '',
)
[ info ] [ SESSION ] INIT array (
  'id' => '',
  'var_session_id' => '',
  'prefix' => 'think',
  'type' => '',
  'auto_start' => true,
)
[ info ] [ RUN ] app\common\controller\Base->_empty[ E:\phpstudy2018\PHPTutorial\WWW\payment-system\application\common\controller\Base.php ]
[ info ] [ VIEW ] E:\phpstudy2018\PHPTutorial\WWW\payment-system\public/../application/merchat\view\index\welcome.html [ array (
) ]
[ info ] [ LOG ] INIT File
---------------------------------------------------------------
[ 2018-08-20T11:05:16+08:00 ] 127.0.0.1 GET /merchat/Index/index.html
[ info ] payment.my.com/merchat/Index/index.html [运行时间：0.024893s][吞吐率：40.17req/s] [内存消耗：1,569.24kb] [文件加载：47]
[ info ] [ LANG ] E:\phpstudy2018\PHPTutorial\WWW\payment-system\thinkphp\lang\zh-cn.php
[ info ] [ ROUTE ] array (
  'type' => 'module',
  'module' => 
  array (
    0 => 'merchat',
    1 => 'Index',
    2 => 'index',
  ),
)
[ info ] [ HEADER ] array (
  'cookie' => 'pgv_pvi=5302217728; pgv_si=s1521734656; thinkphp_show_page_trace=0|0; PHPSESSID=bc6sg1e5b3r15lfe37abvjrgg2; ckCsrfToken=Wl4DL05i5G55d406YJnudF2q8gvZ3K9aI577bz6M',
  'accept-language' => 'zh-CN,zh;q=0.9',
  'accept-encoding' => 'gzip, deflate',
  'referer' => 'http://payment.my.com/merchat/login/login.html',
  'accept' => 'text/html,application/xhtml+xml,application/xml;q=0.9,image/webp,image/apng,*/*;q=0.8',
  'user-agent' => 'Mozilla/5.0 (Windows NT 10.0; Win64; x64) AppleWebKit/537.36 (KHTML, like Gecko) Chrome/68.0.3440.106 Safari/537.36',
  'upgrade-insecure-requests' => '1',
  'cache-control' => 'no-cache',
  'pragma' => 'no-cache',
  'connection' => 'close',
  'host' => 'payment.my.com',
)
[ info ] [ PARAM ] array (
  '/merchat/Index/index_html' => '',
)
[ info ] [ SESSION ] INIT array (
  'id' => '',
  'var_session_id' => '',
  'prefix' => 'think',
  'type' => '',
  'auto_start' => true,
)
[ info ] [ RUN ] app\common\controller\Base->_empty[ E:\phpstudy2018\PHPTutorial\WWW\payment-system\application\common\controller\Base.php ]
[ info ] [ VIEW ] E:\phpstudy2018\PHPTutorial\WWW\payment-system\public/../application/merchat\view\index\index.html [ array (
) ]
[ info ] [ LOG ] INIT File
---------------------------------------------------------------
[ 2018-08-20T11:05:16+08:00 ] 127.0.0.1 GET /merchat/index/welcome.html
[ info ] payment.my.com/merchat/index/welcome.html [运行时间：0.024760s][吞吐率：40.39req/s] [内存消耗：1,567.02kb] [文件加载：47]
[ info ] [ LANG ] E:\phpstudy2018\PHPTutorial\WWW\payment-system\thinkphp\lang\zh-cn.php
[ info ] [ ROUTE ] array (
  'type' => 'module',
  'module' => 
  array (
    0 => 'merchat',
    1 => 'index',
    2 => 'welcome',
  ),
)
[ info ] [ HEADER ] array (
  'cookie' => 'thinkphp_show_page_trace=0|0; pgv_pvi=5302217728; pgv_si=s1521734656; thinkphp_show_page_trace=0|0; PHPSESSID=bc6sg1e5b3r15lfe37abvjrgg2; ckCsrfToken=Wl4DL05i5G55d406YJnudF2q8gvZ3K9aI577bz6M',
  'accept-language' => 'zh-CN,zh;q=0.9',
  'accept-encoding' => 'gzip, deflate',
  'referer' => 'http://payment.my.com/merchat/Index/index.html',
  'accept' => 'text/html,application/xhtml+xml,application/xml;q=0.9,image/webp,image/apng,*/*;q=0.8',
  'user-agent' => 'Mozilla/5.0 (Windows NT 10.0; Win64; x64) AppleWebKit/537.36 (KHTML, like Gecko) Chrome/68.0.3440.106 Safari/537.36',
  'upgrade-insecure-requests' => '1',
  'cache-control' => 'no-cache',
  'pragma' => 'no-cache',
  'connection' => 'close',
  'host' => 'payment.my.com',
)
[ info ] [ PARAM ] array (
  '/merchat/index/welcome_html' => '',
)
[ info ] [ SESSION ] INIT array (
  'id' => '',
  'var_session_id' => '',
  'prefix' => 'think',
  'type' => '',
  'auto_start' => true,
)
[ info ] [ RUN ] app\common\controller\Base->_empty[ E:\phpstudy2018\PHPTutorial\WWW\payment-system\application\common\controller\Base.php ]
[ info ] [ VIEW ] E:\phpstudy2018\PHPTutorial\WWW\payment-system\public/../application/merchat\view\index\welcome.html [ array (
) ]
[ info ] [ LOG ] INIT File
---------------------------------------------------------------
[ 2018-08-20T11:05:16+08:00 ] 127.0.0.1 GET /merchat/Index/index.html
[ info ] payment.my.com/merchat/Index/index.html [运行时间：0.028468s][吞吐率：35.13req/s] [内存消耗：1,569.24kb] [文件加载：47]
[ info ] [ LANG ] E:\phpstudy2018\PHPTutorial\WWW\payment-system\thinkphp\lang\zh-cn.php
[ info ] [ ROUTE ] array (
  'type' => 'module',
  'module' => 
  array (
    0 => 'merchat',
    1 => 'Index',
    2 => 'index',
  ),
)
[ info ] [ HEADER ] array (
  'cookie' => 'pgv_pvi=5302217728; pgv_si=s1521734656; thinkphp_show_page_trace=0|0; PHPSESSID=bc6sg1e5b3r15lfe37abvjrgg2; ckCsrfToken=Wl4DL05i5G55d406YJnudF2q8gvZ3K9aI577bz6M',
  'accept-language' => 'zh-CN,zh;q=0.9',
  'accept-encoding' => 'gzip, deflate',
  'referer' => 'http://payment.my.com/merchat/login/login.html',
  'accept' => 'text/html,application/xhtml+xml,application/xml;q=0.9,image/webp,image/apng,*/*;q=0.8',
  'user-agent' => 'Mozilla/5.0 (Windows NT 10.0; Win64; x64) AppleWebKit/537.36 (KHTML, like Gecko) Chrome/68.0.3440.106 Safari/537.36',
  'upgrade-insecure-requests' => '1',
  'cache-control' => 'no-cache',
  'pragma' => 'no-cache',
  'connection' => 'close',
  'host' => 'payment.my.com',
)
[ info ] [ PARAM ] array (
  '/merchat/Index/index_html' => '',
)
[ info ] [ SESSION ] INIT array (
  'id' => '',
  'var_session_id' => '',
  'prefix' => 'think',
  'type' => '',
  'auto_start' => true,
)
[ info ] [ RUN ] app\common\controller\Base->_empty[ E:\phpstudy2018\PHPTutorial\WWW\payment-system\application\common\controller\Base.php ]
[ info ] [ VIEW ] E:\phpstudy2018\PHPTutorial\WWW\payment-system\public/../application/merchat\view\index\index.html [ array (
) ]
[ info ] [ LOG ] INIT File
---------------------------------------------------------------
[ 2018-08-20T11:05:16+08:00 ] 127.0.0.1 GET /merchat/index/welcome.html
[ info ] payment.my.com/merchat/index/welcome.html [运行时间：0.028345s][吞吐率：35.28req/s] [内存消耗：1,567.02kb] [文件加载：47]
[ info ] [ LANG ] E:\phpstudy2018\PHPTutorial\WWW\payment-system\thinkphp\lang\zh-cn.php
[ info ] [ ROUTE ] array (
  'type' => 'module',
  'module' => 
  array (
    0 => 'merchat',
    1 => 'index',
    2 => 'welcome',
  ),
)
[ info ] [ HEADER ] array (
  'cookie' => 'thinkphp_show_page_trace=0|0; pgv_pvi=5302217728; pgv_si=s1521734656; thinkphp_show_page_trace=0|0; PHPSESSID=bc6sg1e5b3r15lfe37abvjrgg2; ckCsrfToken=Wl4DL05i5G55d406YJnudF2q8gvZ3K9aI577bz6M',
  'accept-language' => 'zh-CN,zh;q=0.9',
  'accept-encoding' => 'gzip, deflate',
  'referer' => 'http://payment.my.com/merchat/Index/index.html',
  'accept' => 'text/html,application/xhtml+xml,application/xml;q=0.9,image/webp,image/apng,*/*;q=0.8',
  'user-agent' => 'Mozilla/5.0 (Windows NT 10.0; Win64; x64) AppleWebKit/537.36 (KHTML, like Gecko) Chrome/68.0.3440.106 Safari/537.36',
  'upgrade-insecure-requests' => '1',
  'cache-control' => 'no-cache',
  'pragma' => 'no-cache',
  'connection' => 'close',
  'host' => 'payment.my.com',
)
[ info ] [ PARAM ] array (
  '/merchat/index/welcome_html' => '',
)
[ info ] [ SESSION ] INIT array (
  'id' => '',
  'var_session_id' => '',
  'prefix' => 'think',
  'type' => '',
  'auto_start' => true,
)
[ info ] [ RUN ] app\common\controller\Base->_empty[ E:\phpstudy2018\PHPTutorial\WWW\payment-system\application\common\controller\Base.php ]
[ info ] [ VIEW ] E:\phpstudy2018\PHPTutorial\WWW\payment-system\public/../application/merchat\view\index\welcome.html [ array (
) ]
[ info ] [ LOG ] INIT File
---------------------------------------------------------------
[ 2018-08-20T11:05:16+08:00 ] 127.0.0.1 GET /merchat/Index/index.html
[ info ] payment.my.com/merchat/Index/index.html [运行时间：0.026501s][吞吐率：37.73req/s] [内存消耗：1,569.24kb] [文件加载：47]
[ info ] [ LANG ] E:\phpstudy2018\PHPTutorial\WWW\payment-system\thinkphp\lang\zh-cn.php
[ info ] [ ROUTE ] array (
  'type' => 'module',
  'module' => 
  array (
    0 => 'merchat',
    1 => 'Index',
    2 => 'index',
  ),
)
[ info ] [ HEADER ] array (
  'cookie' => 'pgv_pvi=5302217728; pgv_si=s1521734656; thinkphp_show_page_trace=0|0; PHPSESSID=bc6sg1e5b3r15lfe37abvjrgg2; ckCsrfToken=Wl4DL05i5G55d406YJnudF2q8gvZ3K9aI577bz6M',
  'accept-language' => 'zh-CN,zh;q=0.9',
  'accept-encoding' => 'gzip, deflate',
  'referer' => 'http://payment.my.com/merchat/login/login.html',
  'accept' => 'text/html,application/xhtml+xml,application/xml;q=0.9,image/webp,image/apng,*/*;q=0.8',
  'user-agent' => 'Mozilla/5.0 (Windows NT 10.0; Win64; x64) AppleWebKit/537.36 (KHTML, like Gecko) Chrome/68.0.3440.106 Safari/537.36',
  'upgrade-insecure-requests' => '1',
  'cache-control' => 'no-cache',
  'pragma' => 'no-cache',
  'connection' => 'close',
  'host' => 'payment.my.com',
)
[ info ] [ PARAM ] array (
  '/merchat/Index/index_html' => '',
)
[ info ] [ SESSION ] INIT array (
  'id' => '',
  'var_session_id' => '',
  'prefix' => 'think',
  'type' => '',
  'auto_start' => true,
)
[ info ] [ RUN ] app\common\controller\Base->_empty[ E:\phpstudy2018\PHPTutorial\WWW\payment-system\application\common\controller\Base.php ]
[ info ] [ VIEW ] E:\phpstudy2018\PHPTutorial\WWW\payment-system\public/../application/merchat\view\index\index.html [ array (
) ]
[ info ] [ LOG ] INIT File
---------------------------------------------------------------
[ 2018-08-20T11:05:16+08:00 ] 127.0.0.1 GET /merchat/index/welcome.html
[ info ] payment.my.com/merchat/index/welcome.html [运行时间：0.026197s][吞吐率：38.17req/s] [内存消耗：1,567.02kb] [文件加载：47]
[ info ] [ LANG ] E:\phpstudy2018\PHPTutorial\WWW\payment-system\thinkphp\lang\zh-cn.php
[ info ] [ ROUTE ] array (
  'type' => 'module',
  'module' => 
  array (
    0 => 'merchat',
    1 => 'index',
    2 => 'welcome',
  ),
)
[ info ] [ HEADER ] array (
  'cookie' => 'thinkphp_show_page_trace=0|0; pgv_pvi=5302217728; pgv_si=s1521734656; thinkphp_show_page_trace=0|0; PHPSESSID=bc6sg1e5b3r15lfe37abvjrgg2; ckCsrfToken=Wl4DL05i5G55d406YJnudF2q8gvZ3K9aI577bz6M',
  'accept-language' => 'zh-CN,zh;q=0.9',
  'accept-encoding' => 'gzip, deflate',
  'referer' => 'http://payment.my.com/merchat/Index/index.html',
  'accept' => 'text/html,application/xhtml+xml,application/xml;q=0.9,image/webp,image/apng,*/*;q=0.8',
  'user-agent' => 'Mozilla/5.0 (Windows NT 10.0; Win64; x64) AppleWebKit/537.36 (KHTML, like Gecko) Chrome/68.0.3440.106 Safari/537.36',
  'upgrade-insecure-requests' => '1',
  'cache-control' => 'no-cache',
  'pragma' => 'no-cache',
  'connection' => 'close',
  'host' => 'payment.my.com',
)
[ info ] [ PARAM ] array (
  '/merchat/index/welcome_html' => '',
)
[ info ] [ SESSION ] INIT array (
  'id' => '',
  'var_session_id' => '',
  'prefix' => 'think',
  'type' => '',
  'auto_start' => true,
)
[ info ] [ RUN ] app\common\controller\Base->_empty[ E:\phpstudy2018\PHPTutorial\WWW\payment-system\application\common\controller\Base.php ]
[ info ] [ VIEW ] E:\phpstudy2018\PHPTutorial\WWW\payment-system\public/../application/merchat\view\index\welcome.html [ array (
) ]
[ info ] [ LOG ] INIT File
---------------------------------------------------------------
[ 2018-08-20T11:05:16+08:00 ] 127.0.0.1 GET /merchat/Index/index.html
[ info ] payment.my.com/merchat/Index/index.html [运行时间：0.026118s][吞吐率：38.29req/s] [内存消耗：1,569.24kb] [文件加载：47]
[ info ] [ LANG ] E:\phpstudy2018\PHPTutorial\WWW\payment-system\thinkphp\lang\zh-cn.php
[ info ] [ ROUTE ] array (
  'type' => 'module',
  'module' => 
  array (
    0 => 'merchat',
    1 => 'Index',
    2 => 'index',
  ),
)
[ info ] [ HEADER ] array (
  'cookie' => 'pgv_pvi=5302217728; pgv_si=s1521734656; thinkphp_show_page_trace=0|0; PHPSESSID=bc6sg1e5b3r15lfe37abvjrgg2; ckCsrfToken=Wl4DL05i5G55d406YJnudF2q8gvZ3K9aI577bz6M',
  'accept-language' => 'zh-CN,zh;q=0.9',
  'accept-encoding' => 'gzip, deflate',
  'referer' => 'http://payment.my.com/merchat/login/login.html',
  'accept' => 'text/html,application/xhtml+xml,application/xml;q=0.9,image/webp,image/apng,*/*;q=0.8',
  'user-agent' => 'Mozilla/5.0 (Windows NT 10.0; Win64; x64) AppleWebKit/537.36 (KHTML, like Gecko) Chrome/68.0.3440.106 Safari/537.36',
  'upgrade-insecure-requests' => '1',
  'cache-control' => 'no-cache',
  'pragma' => 'no-cache',
  'connection' => 'close',
  'host' => 'payment.my.com',
)
[ info ] [ PARAM ] array (
  '/merchat/Index/index_html' => '',
)
[ info ] [ SESSION ] INIT array (
  'id' => '',
  'var_session_id' => '',
  'prefix' => 'think',
  'type' => '',
  'auto_start' => true,
)
[ info ] [ RUN ] app\common\controller\Base->_empty[ E:\phpstudy2018\PHPTutorial\WWW\payment-system\application\common\controller\Base.php ]
[ info ] [ VIEW ] E:\phpstudy2018\PHPTutorial\WWW\payment-system\public/../application/merchat\view\index\index.html [ array (
) ]
[ info ] [ LOG ] INIT File
---------------------------------------------------------------
[ 2018-08-20T11:05:16+08:00 ] 127.0.0.1 GET /merchat/index/welcome.html
[ info ] payment.my.com/merchat/index/welcome.html [运行时间：0.024374s][吞吐率：41.03req/s] [内存消耗：1,567.02kb] [文件加载：47]
[ info ] [ LANG ] E:\phpstudy2018\PHPTutorial\WWW\payment-system\thinkphp\lang\zh-cn.php
[ info ] [ ROUTE ] array (
  'type' => 'module',
  'module' => 
  array (
    0 => 'merchat',
    1 => 'index',
    2 => 'welcome',
  ),
)
[ info ] [ HEADER ] array (
  'cookie' => 'thinkphp_show_page_trace=0|0; pgv_pvi=5302217728; pgv_si=s1521734656; thinkphp_show_page_trace=0|0; PHPSESSID=bc6sg1e5b3r15lfe37abvjrgg2; ckCsrfToken=Wl4DL05i5G55d406YJnudF2q8gvZ3K9aI577bz6M',
  'accept-language' => 'zh-CN,zh;q=0.9',
  'accept-encoding' => 'gzip, deflate',
  'referer' => 'http://payment.my.com/merchat/Index/index.html',
  'accept' => 'text/html,application/xhtml+xml,application/xml;q=0.9,image/webp,image/apng,*/*;q=0.8',
  'user-agent' => 'Mozilla/5.0 (Windows NT 10.0; Win64; x64) AppleWebKit/537.36 (KHTML, like Gecko) Chrome/68.0.3440.106 Safari/537.36',
  'upgrade-insecure-requests' => '1',
  'cache-control' => 'no-cache',
  'pragma' => 'no-cache',
  'connection' => 'close',
  'host' => 'payment.my.com',
)
[ info ] [ PARAM ] array (
  '/merchat/index/welcome_html' => '',
)
[ info ] [ SESSION ] INIT array (
  'id' => '',
  'var_session_id' => '',
  'prefix' => 'think',
  'type' => '',
  'auto_start' => true,
)
[ info ] [ RUN ] app\common\controller\Base->_empty[ E:\phpstudy2018\PHPTutorial\WWW\payment-system\application\common\controller\Base.php ]
[ info ] [ VIEW ] E:\phpstudy2018\PHPTutorial\WWW\payment-system\public/../application/merchat\view\index\welcome.html [ array (
) ]
[ info ] [ LOG ] INIT File
---------------------------------------------------------------
[ 2018-08-20T11:05:16+08:00 ] 127.0.0.1 GET /merchat/Index/index.html
[ info ] payment.my.com/merchat/Index/index.html [运行时间：0.023924s][吞吐率：41.80req/s] [内存消耗：1,569.24kb] [文件加载：47]
[ info ] [ LANG ] E:\phpstudy2018\PHPTutorial\WWW\payment-system\thinkphp\lang\zh-cn.php
[ info ] [ ROUTE ] array (
  'type' => 'module',
  'module' => 
  array (
    0 => 'merchat',
    1 => 'Index',
    2 => 'index',
  ),
)
[ info ] [ HEADER ] array (
  'cookie' => 'pgv_pvi=5302217728; pgv_si=s1521734656; thinkphp_show_page_trace=0|0; PHPSESSID=bc6sg1e5b3r15lfe37abvjrgg2; ckCsrfToken=Wl4DL05i5G55d406YJnudF2q8gvZ3K9aI577bz6M',
  'accept-language' => 'zh-CN,zh;q=0.9',
  'accept-encoding' => 'gzip, deflate',
  'referer' => 'http://payment.my.com/merchat/login/login.html',
  'accept' => 'text/html,application/xhtml+xml,application/xml;q=0.9,image/webp,image/apng,*/*;q=0.8',
  'user-agent' => 'Mozilla/5.0 (Windows NT 10.0; Win64; x64) AppleWebKit/537.36 (KHTML, like Gecko) Chrome/68.0.3440.106 Safari/537.36',
  'upgrade-insecure-requests' => '1',
  'cache-control' => 'no-cache',
  'pragma' => 'no-cache',
  'connection' => 'close',
  'host' => 'payment.my.com',
)
[ info ] [ PARAM ] array (
  '/merchat/Index/index_html' => '',
)
[ info ] [ SESSION ] INIT array (
  'id' => '',
  'var_session_id' => '',
  'prefix' => 'think',
  'type' => '',
  'auto_start' => true,
)
[ info ] [ RUN ] app\common\controller\Base->_empty[ E:\phpstudy2018\PHPTutorial\WWW\payment-system\application\common\controller\Base.php ]
[ info ] [ VIEW ] E:\phpstudy2018\PHPTutorial\WWW\payment-system\public/../application/merchat\view\index\index.html [ array (
) ]
[ info ] [ LOG ] INIT File
---------------------------------------------------------------
[ 2018-08-20T11:05:16+08:00 ] 127.0.0.1 GET /merchat/index/welcome.html
[ info ] payment.my.com/merchat/index/welcome.html [运行时间：0.026293s][吞吐率：38.03req/s] [内存消耗：1,567.02kb] [文件加载：47]
[ info ] [ LANG ] E:\phpstudy2018\PHPTutorial\WWW\payment-system\thinkphp\lang\zh-cn.php
[ info ] [ ROUTE ] array (
  'type' => 'module',
  'module' => 
  array (
    0 => 'merchat',
    1 => 'index',
    2 => 'welcome',
  ),
)
[ info ] [ HEADER ] array (
  'cookie' => 'thinkphp_show_page_trace=0|0; pgv_pvi=5302217728; pgv_si=s1521734656; thinkphp_show_page_trace=0|0; PHPSESSID=bc6sg1e5b3r15lfe37abvjrgg2; ckCsrfToken=Wl4DL05i5G55d406YJnudF2q8gvZ3K9aI577bz6M',
  'accept-language' => 'zh-CN,zh;q=0.9',
  'accept-encoding' => 'gzip, deflate',
  'referer' => 'http://payment.my.com/merchat/Index/index.html',
  'accept' => 'text/html,application/xhtml+xml,application/xml;q=0.9,image/webp,image/apng,*/*;q=0.8',
  'user-agent' => 'Mozilla/5.0 (Windows NT 10.0; Win64; x64) AppleWebKit/537.36 (KHTML, like Gecko) Chrome/68.0.3440.106 Safari/537.36',
  'upgrade-insecure-requests' => '1',
  'cache-control' => 'no-cache',
  'pragma' => 'no-cache',
  'connection' => 'close',
  'host' => 'payment.my.com',
)
[ info ] [ PARAM ] array (
  '/merchat/index/welcome_html' => '',
)
[ info ] [ SESSION ] INIT array (
  'id' => '',
  'var_session_id' => '',
  'prefix' => 'think',
  'type' => '',
  'auto_start' => true,
)
[ info ] [ RUN ] app\common\controller\Base->_empty[ E:\phpstudy2018\PHPTutorial\WWW\payment-system\application\common\controller\Base.php ]
[ info ] [ VIEW ] E:\phpstudy2018\PHPTutorial\WWW\payment-system\public/../application/merchat\view\index\welcome.html [ array (
) ]
[ info ] [ LOG ] INIT File
---------------------------------------------------------------
[ 2018-08-20T11:05:18+08:00 ] 127.0.0.1 GET /merchat/Account/info.html
[ info ] payment.my.com/merchat/Account/info.html [运行时间：0.086896s][吞吐率：11.51req/s] [内存消耗：2,288.05kb] [文件加载：56]
[ info ] [ LANG ] E:\phpstudy2018\PHPTutorial\WWW\payment-system\thinkphp\lang\zh-cn.php
[ info ] [ ROUTE ] array (
  'type' => 'module',
  'module' => 
  array (
    0 => 'merchat',
    1 => 'Account',
    2 => 'info',
  ),
)
[ info ] [ HEADER ] array (
  'cookie' => 'pgv_pvi=5302217728; pgv_si=s1521734656; thinkphp_show_page_trace=0|0; PHPSESSID=bc6sg1e5b3r15lfe37abvjrgg2; ckCsrfToken=Wl4DL05i5G55d406YJnudF2q8gvZ3K9aI577bz6M',
  'accept-language' => 'zh-CN,zh;q=0.9',
  'accept-encoding' => 'gzip, deflate',
  'referer' => 'http://payment.my.com/merchat/Index/index.html',
  'accept' => 'text/html,application/xhtml+xml,application/xml;q=0.9,image/webp,image/apng,*/*;q=0.8',
  'user-agent' => 'Mozilla/5.0 (Windows NT 10.0; Win64; x64) AppleWebKit/537.36 (KHTML, like Gecko) Chrome/68.0.3440.106 Safari/537.36',
  'upgrade-insecure-requests' => '1',
  'connection' => 'close',
  'host' => 'payment.my.com',
)
[ info ] [ PARAM ] array (
  '/merchat/Account/info_html' => '',
)
[ info ] [ SESSION ] INIT array (
  'id' => '',
  'var_session_id' => '',
  'prefix' => 'think',
  'type' => '',
  'auto_start' => true,
)
[ info ] [ DB ] INIT mysql
[ info ] [ RUN ] app\merchat\controller\Account->info[ E:\phpstudy2018\PHPTutorial\WWW\payment-system\application\merchat\controller\Account.php ]
[ info ] [ VIEW ] E:\phpstudy2018\PHPTutorial\WWW\payment-system\public/../application/merchat\view\account\info.html [ array (
  0 => 'base',
  1 => 'detail',
) ]
[ info ] [ LOG ] INIT File
[ sql ] [ DB ] CONNECT:[ UseTime:0.010751s ] mysql:host=127.0.0.1;port=3306;dbname=payment;charset=utf8
[ sql ] [ SQL ] SHOW COLUMNS FROM `merchat` [ RunTime:0.017445s ]
[ sql ] [ SQL ] SELECT * FROM `merchat` WHERE  `id` = 1 LIMIT 1 [ RunTime:0.000398s ]
[ sql ] [ SQL ] SHOW COLUMNS FROM `merchat_detail` [ RunTime:0.018005s ]
[ sql ] [ SQL ] SELECT * FROM `merchat_detail` WHERE  `merchat_id` = 1 LIMIT 1 [ RunTime:0.000442s ]
---------------------------------------------------------------
[ 2018-08-20T11:05:53+08:00 ] 127.0.0.1 GET /merchat/Index/index.html
[ info ] payment.my.com/merchat/Index/index.html [运行时间：0.028012s][吞吐率：35.70req/s] [内存消耗：1,568.70kb] [文件加载：47]
[ info ] [ LANG ] E:\phpstudy2018\PHPTutorial\WWW\payment-system\thinkphp\lang\zh-cn.php
[ info ] [ ROUTE ] array (
  'type' => 'module',
  'module' => 
  array (
    0 => 'merchat',
    1 => 'Index',
    2 => 'index',
  ),
)
[ info ] [ HEADER ] array (
  'cookie' => 'pgv_pvi=5302217728; pgv_si=s1521734656; thinkphp_show_page_trace=0|0; PHPSESSID=bc6sg1e5b3r15lfe37abvjrgg2; ckCsrfToken=Wl4DL05i5G55d406YJnudF2q8gvZ3K9aI577bz6M',
  'accept-language' => 'zh-CN,zh;q=0.9',
  'accept-encoding' => 'gzip, deflate',
  'accept' => 'text/html,application/xhtml+xml,application/xml;q=0.9,image/webp,image/apng,*/*;q=0.8',
  'user-agent' => 'Mozilla/5.0 (Windows NT 10.0; Win64; x64) AppleWebKit/537.36 (KHTML, like Gecko) Chrome/68.0.3440.106 Safari/537.36',
  'upgrade-insecure-requests' => '1',
  'connection' => 'close',
  'host' => 'payment.my.com',
)
[ info ] [ PARAM ] array (
  '/merchat/Index/index_html' => '',
)
[ info ] [ SESSION ] INIT array (
  'id' => '',
  'var_session_id' => '',
  'prefix' => 'think',
  'type' => '',
  'auto_start' => true,
)
[ info ] [ RUN ] app\common\controller\Base->_empty[ E:\phpstudy2018\PHPTutorial\WWW\payment-system\application\common\controller\Base.php ]
[ info ] [ VIEW ] E:\phpstudy2018\PHPTutorial\WWW\payment-system\public/../application/merchat\view\index\index.html [ array (
) ]
[ info ] [ LOG ] INIT File
---------------------------------------------------------------
[ 2018-08-20T11:06:06+08:00 ] 127.0.0.1 GET /merchat/Account/info.html
[ info ] payment.my.com/merchat/Account/info.html [运行时间：0.094210s][吞吐率：10.61req/s] [内存消耗：2,287.62kb] [文件加载：56]
[ info ] [ LANG ] E:\phpstudy2018\PHPTutorial\WWW\payment-system\thinkphp\lang\zh-cn.php
[ info ] [ ROUTE ] array (
  'type' => 'module',
  'module' => 
  array (
    0 => 'merchat',
    1 => 'Account',
    2 => 'info',
  ),
)
[ info ] [ HEADER ] array (
  'cookie' => 'pgv_pvi=5302217728; pgv_si=s1521734656; thinkphp_show_page_trace=0|0; PHPSESSID=bc6sg1e5b3r15lfe37abvjrgg2; ckCsrfToken=Wl4DL05i5G55d406YJnudF2q8gvZ3K9aI577bz6M',
  'accept-language' => 'zh-CN,zh;q=0.9',
  'accept-encoding' => 'gzip, deflate',
  'accept' => 'text/html,application/xhtml+xml,application/xml;q=0.9,image/webp,image/apng,*/*;q=0.8',
  'user-agent' => 'Mozilla/5.0 (Windows NT 10.0; Win64; x64) AppleWebKit/537.36 (KHTML, like Gecko) Chrome/68.0.3440.106 Safari/537.36',
  'upgrade-insecure-requests' => '1',
  'connection' => 'close',
  'host' => 'payment.my.com',
)
[ info ] [ PARAM ] array (
  '/merchat/Account/info_html' => '',
)
[ info ] [ SESSION ] INIT array (
  'id' => '',
  'var_session_id' => '',
  'prefix' => 'think',
  'type' => '',
  'auto_start' => true,
)
[ info ] [ DB ] INIT mysql
[ info ] [ RUN ] app\merchat\controller\Account->info[ E:\phpstudy2018\PHPTutorial\WWW\payment-system\application\merchat\controller\Account.php ]
[ info ] [ VIEW ] E:\phpstudy2018\PHPTutorial\WWW\payment-system\public/../application/merchat\view\account\info.html [ array (
  0 => 'base',
  1 => 'detail',
) ]
[ info ] [ LOG ] INIT File
[ sql ] [ DB ] CONNECT:[ UseTime:0.002272s ] mysql:host=127.0.0.1;port=3306;dbname=payment;charset=utf8
[ sql ] [ SQL ] SHOW COLUMNS FROM `merchat` [ RunTime:0.040993s ]
[ sql ] [ SQL ] SELECT * FROM `merchat` WHERE  `id` = 1 LIMIT 1 [ RunTime:0.000360s ]
[ sql ] [ SQL ] SHOW COLUMNS FROM `merchat_detail` [ RunTime:0.015155s ]
[ sql ] [ SQL ] SELECT * FROM `merchat_detail` WHERE  `merchat_id` = 1 LIMIT 1 [ RunTime:0.000358s ]
---------------------------------------------------------------
[ 2018-08-20T11:06:19+08:00 ] 127.0.0.1 GET /merchat/Index/index.html
[ info ] payment.my.com/merchat/Index/index.html [运行时间：0.039745s][吞吐率：25.16req/s] [内存消耗：1,569.24kb] [文件加载：47]
[ info ] [ LANG ] E:\phpstudy2018\PHPTutorial\WWW\payment-system\thinkphp\lang\zh-cn.php
[ info ] [ ROUTE ] array (
  'type' => 'module',
  'module' => 
  array (
    0 => 'merchat',
    1 => 'Index',
    2 => 'index',
  ),
)
[ info ] [ HEADER ] array (
  'cookie' => 'pgv_pvi=5302217728; pgv_si=s1521734656; thinkphp_show_page_trace=0|0; PHPSESSID=bc6sg1e5b3r15lfe37abvjrgg2; ckCsrfToken=Wl4DL05i5G55d406YJnudF2q8gvZ3K9aI577bz6M',
  'accept-language' => 'zh-CN,zh;q=0.9',
  'accept-encoding' => 'gzip, deflate',
  'referer' => 'http://payment.my.com/merchat/login/login.html',
  'accept' => 'text/html,application/xhtml+xml,application/xml;q=0.9,image/webp,image/apng,*/*;q=0.8',
  'user-agent' => 'Mozilla/5.0 (Windows NT 10.0; Win64; x64) AppleWebKit/537.36 (KHTML, like Gecko) Chrome/68.0.3440.106 Safari/537.36',
  'upgrade-insecure-requests' => '1',
  'cache-control' => 'no-cache',
  'pragma' => 'no-cache',
  'connection' => 'close',
  'host' => 'payment.my.com',
)
[ info ] [ PARAM ] array (
  '/merchat/Index/index_html' => '',
)
[ info ] [ SESSION ] INIT array (
  'id' => '',
  'var_session_id' => '',
  'prefix' => 'think',
  'type' => '',
  'auto_start' => true,
)
[ info ] [ RUN ] app\common\controller\Base->_empty[ E:\phpstudy2018\PHPTutorial\WWW\payment-system\application\common\controller\Base.php ]
[ info ] [ VIEW ] E:\phpstudy2018\PHPTutorial\WWW\payment-system\public/../application/merchat\view\index\index.html [ array (
) ]
[ info ] [ LOG ] INIT File
---------------------------------------------------------------
[ 2018-08-20T11:06:19+08:00 ] 127.0.0.1 GET /merchat/index/welcome.html
[ info ] payment.my.com/merchat/index/welcome.html [运行时间：0.038016s][吞吐率：26.30req/s] [内存消耗：1,567.02kb] [文件加载：47]
[ info ] [ LANG ] E:\phpstudy2018\PHPTutorial\WWW\payment-system\thinkphp\lang\zh-cn.php
[ info ] [ ROUTE ] array (
  'type' => 'module',
  'module' => 
  array (
    0 => 'merchat',
    1 => 'index',
    2 => 'welcome',
  ),
)
[ info ] [ HEADER ] array (
  'cookie' => 'thinkphp_show_page_trace=0|0; pgv_pvi=5302217728; pgv_si=s1521734656; thinkphp_show_page_trace=0|0; PHPSESSID=bc6sg1e5b3r15lfe37abvjrgg2; ckCsrfToken=Wl4DL05i5G55d406YJnudF2q8gvZ3K9aI577bz6M',
  'accept-language' => 'zh-CN,zh;q=0.9',
  'accept-encoding' => 'gzip, deflate',
  'referer' => 'http://payment.my.com/merchat/Index/index.html',
  'accept' => 'text/html,application/xhtml+xml,application/xml;q=0.9,image/webp,image/apng,*/*;q=0.8',
  'user-agent' => 'Mozilla/5.0 (Windows NT 10.0; Win64; x64) AppleWebKit/537.36 (KHTML, like Gecko) Chrome/68.0.3440.106 Safari/537.36',
  'upgrade-insecure-requests' => '1',
  'cache-control' => 'no-cache',
  'pragma' => 'no-cache',
  'connection' => 'close',
  'host' => 'payment.my.com',
)
[ info ] [ PARAM ] array (
  '/merchat/index/welcome_html' => '',
)
[ info ] [ SESSION ] INIT array (
  'id' => '',
  'var_session_id' => '',
  'prefix' => 'think',
  'type' => '',
  'auto_start' => true,
)
[ info ] [ RUN ] app\common\controller\Base->_empty[ E:\phpstudy2018\PHPTutorial\WWW\payment-system\application\common\controller\Base.php ]
[ info ] [ VIEW ] E:\phpstudy2018\PHPTutorial\WWW\payment-system\public/../application/merchat\view\index\welcome.html [ array (
) ]
[ info ] [ LOG ] INIT File
---------------------------------------------------------------
[ 2018-08-20T11:06:20+08:00 ] 127.0.0.1 GET /merchat/Account/info.html
[ info ] payment.my.com/merchat/Account/info.html [运行时间：0.068667s][吞吐率：14.56req/s] [内存消耗：2,288.05kb] [文件加载：56]
[ info ] [ LANG ] E:\phpstudy2018\PHPTutorial\WWW\payment-system\thinkphp\lang\zh-cn.php
[ info ] [ ROUTE ] array (
  'type' => 'module',
  'module' => 
  array (
    0 => 'merchat',
    1 => 'Account',
    2 => 'info',
  ),
)
[ info ] [ HEADER ] array (
  'cookie' => 'pgv_pvi=5302217728; pgv_si=s1521734656; thinkphp_show_page_trace=0|0; PHPSESSID=bc6sg1e5b3r15lfe37abvjrgg2; ckCsrfToken=Wl4DL05i5G55d406YJnudF2q8gvZ3K9aI577bz6M',
  'accept-language' => 'zh-CN,zh;q=0.9',
  'accept-encoding' => 'gzip, deflate',
  'referer' => 'http://payment.my.com/merchat/Index/index.html',
  'accept' => 'text/html,application/xhtml+xml,application/xml;q=0.9,image/webp,image/apng,*/*;q=0.8',
  'user-agent' => 'Mozilla/5.0 (Windows NT 10.0; Win64; x64) AppleWebKit/537.36 (KHTML, like Gecko) Chrome/68.0.3440.106 Safari/537.36',
  'upgrade-insecure-requests' => '1',
  'connection' => 'close',
  'host' => 'payment.my.com',
)
[ info ] [ PARAM ] array (
  '/merchat/Account/info_html' => '',
)
[ info ] [ SESSION ] INIT array (
  'id' => '',
  'var_session_id' => '',
  'prefix' => 'think',
  'type' => '',
  'auto_start' => true,
)
[ info ] [ DB ] INIT mysql
[ info ] [ RUN ] app\merchat\controller\Account->info[ E:\phpstudy2018\PHPTutorial\WWW\payment-system\application\merchat\controller\Account.php ]
[ info ] [ VIEW ] E:\phpstudy2018\PHPTutorial\WWW\payment-system\public/../application/merchat\view\account\info.html [ array (
  0 => 'base',
  1 => 'detail',
) ]
[ info ] [ LOG ] INIT File
[ sql ] [ DB ] CONNECT:[ UseTime:0.001321s ] mysql:host=127.0.0.1;port=3306;dbname=payment;charset=utf8
[ sql ] [ SQL ] SHOW COLUMNS FROM `merchat` [ RunTime:0.015361s ]
[ sql ] [ SQL ] SELECT * FROM `merchat` WHERE  `id` = 1 LIMIT 1 [ RunTime:0.000373s ]
[ sql ] [ SQL ] SHOW COLUMNS FROM `merchat_detail` [ RunTime:0.015848s ]
[ sql ] [ SQL ] SELECT * FROM `merchat_detail` WHERE  `merchat_id` = 1 LIMIT 1 [ RunTime:0.000463s ]
---------------------------------------------------------------
[ 2018-08-20T11:06:45+08:00 ] 127.0.0.1 POST /merchat/login/ajaxupload.html?CKEditor=editor1&CKEditorFuncNum=1&langCode=zh-cn
[ info ] payment.my.com/merchat/login/ajaxupload.html?CKEditor=editor1&CKEditorFuncNum=1&langCode=zh-cn [运行时间：0.040698s][吞吐率：24.57req/s] [内存消耗：2,094.59kb] [文件加载：49]
[ info ] [ LANG ] E:\phpstudy2018\PHPTutorial\WWW\payment-system\thinkphp\lang\zh-cn.php
[ info ] [ ROUTE ] array (
  'type' => 'module',
  'module' => 
  array (
    0 => 'merchat',
    1 => 'login',
    2 => 'ajaxupload',
  ),
)
[ info ] [ HEADER ] array (
  'cookie' => 'pgv_pvi=5302217728; pgv_si=s1521734656; thinkphp_show_page_trace=0|0; PHPSESSID=bc6sg1e5b3r15lfe37abvjrgg2; ckCsrfToken=Wl4DL05i5G55d406YJnudF2q8gvZ3K9aI577bz6M',
  'accept-language' => 'zh-CN,zh;q=0.9',
  'accept-encoding' => 'gzip, deflate',
  'referer' => 'http://payment.my.com/merchat/Account/info.html',
  'accept' => 'text/html,application/xhtml+xml,application/xml;q=0.9,image/webp,image/apng,*/*;q=0.8',
  'user-agent' => 'Mozilla/5.0 (Windows NT 10.0; Win64; x64) AppleWebKit/537.36 (KHTML, like Gecko) Chrome/68.0.3440.106 Safari/537.36',
  'content-type' => 'multipart/form-data; boundary=----WebKitFormBoundaryYAFZzpaa9Sfn6Eif',
  'upgrade-insecure-requests' => '1',
  'origin' => 'http://payment.my.com',
  'cache-control' => 'max-age=0',
  'content-length' => '347',
  'connection' => 'close',
  'host' => 'payment.my.com',
)
[ info ] [ PARAM ] array (
  '/merchat/login/ajaxupload_html' => '',
  'CKEditor' => 'editor1',
  'CKEditorFuncNum' => '1',
  'langCode' => 'zh-cn',
)
[ info ] [ DB ] INIT mysql
[ info ] [ RUN ] app\merchat\controller\Login->ajaxUpload[ E:\phpstudy2018\PHPTutorial\WWW\payment-system\application\merchat\controller\Login.php ]
[ info ] [ LOG ] INIT File
---------------------------------------------------------------
[ 2018-08-20T11:07:12+08:00 ] 127.0.0.1 GET /merchat/Index/index.html
[ info ] payment.my.com/merchat/Index/index.html [运行时间：0.032161s][吞吐率：31.09req/s] [内存消耗：1,569.24kb] [文件加载：47]
[ info ] [ LANG ] E:\phpstudy2018\PHPTutorial\WWW\payment-system\thinkphp\lang\zh-cn.php
[ info ] [ ROUTE ] array (
  'type' => 'module',
  'module' => 
  array (
    0 => 'merchat',
    1 => 'Index',
    2 => 'index',
  ),
)
[ info ] [ HEADER ] array (
  'cookie' => 'pgv_pvi=5302217728; pgv_si=s1521734656; thinkphp_show_page_trace=0|0; PHPSESSID=bc6sg1e5b3r15lfe37abvjrgg2; ckCsrfToken=Wl4DL05i5G55d406YJnudF2q8gvZ3K9aI577bz6M',
  'accept-language' => 'zh-CN,zh;q=0.9',
  'accept-encoding' => 'gzip, deflate',
  'referer' => 'http://payment.my.com/merchat/login/login.html',
  'accept' => 'text/html,application/xhtml+xml,application/xml;q=0.9,image/webp,image/apng,*/*;q=0.8',
  'user-agent' => 'Mozilla/5.0 (Windows NT 10.0; Win64; x64) AppleWebKit/537.36 (KHTML, like Gecko) Chrome/68.0.3440.106 Safari/537.36',
  'upgrade-insecure-requests' => '1',
  'cache-control' => 'no-cache',
  'pragma' => 'no-cache',
  'connection' => 'close',
  'host' => 'payment.my.com',
)
[ info ] [ PARAM ] array (
  '/merchat/Index/index_html' => '',
)
[ info ] [ SESSION ] INIT array (
  'id' => '',
  'var_session_id' => '',
  'prefix' => 'think',
  'type' => '',
  'auto_start' => true,
)
[ info ] [ RUN ] app\common\controller\Base->_empty[ E:\phpstudy2018\PHPTutorial\WWW\payment-system\application\common\controller\Base.php ]
[ info ] [ VIEW ] E:\phpstudy2018\PHPTutorial\WWW\payment-system\public/../application/merchat\view\index\index.html [ array (
) ]
[ info ] [ LOG ] INIT File
---------------------------------------------------------------
[ 2018-08-20T11:07:12+08:00 ] 127.0.0.1 GET /merchat/index/welcome.html
[ info ] payment.my.com/merchat/index/welcome.html [运行时间：0.035648s][吞吐率：28.05req/s] [内存消耗：1,567.02kb] [文件加载：47]
[ info ] [ LANG ] E:\phpstudy2018\PHPTutorial\WWW\payment-system\thinkphp\lang\zh-cn.php
[ info ] [ ROUTE ] array (
  'type' => 'module',
  'module' => 
  array (
    0 => 'merchat',
    1 => 'index',
    2 => 'welcome',
  ),
)
[ info ] [ HEADER ] array (
  'cookie' => 'thinkphp_show_page_trace=0|0; pgv_pvi=5302217728; pgv_si=s1521734656; thinkphp_show_page_trace=0|0; PHPSESSID=bc6sg1e5b3r15lfe37abvjrgg2; ckCsrfToken=Wl4DL05i5G55d406YJnudF2q8gvZ3K9aI577bz6M',
  'accept-language' => 'zh-CN,zh;q=0.9',
  'accept-encoding' => 'gzip, deflate',
  'referer' => 'http://payment.my.com/merchat/Index/index.html',
  'accept' => 'text/html,application/xhtml+xml,application/xml;q=0.9,image/webp,image/apng,*/*;q=0.8',
  'user-agent' => 'Mozilla/5.0 (Windows NT 10.0; Win64; x64) AppleWebKit/537.36 (KHTML, like Gecko) Chrome/68.0.3440.106 Safari/537.36',
  'upgrade-insecure-requests' => '1',
  'cache-control' => 'no-cache',
  'pragma' => 'no-cache',
  'connection' => 'close',
  'host' => 'payment.my.com',
)
[ info ] [ PARAM ] array (
  '/merchat/index/welcome_html' => '',
)
[ info ] [ SESSION ] INIT array (
  'id' => '',
  'var_session_id' => '',
  'prefix' => 'think',
  'type' => '',
  'auto_start' => true,
)
[ info ] [ RUN ] app\common\controller\Base->_empty[ E:\phpstudy2018\PHPTutorial\WWW\payment-system\application\common\controller\Base.php ]
[ info ] [ VIEW ] E:\phpstudy2018\PHPTutorial\WWW\payment-system\public/../application/merchat\view\index\welcome.html [ array (
) ]
[ info ] [ LOG ] INIT File
---------------------------------------------------------------
[ 2018-08-20T11:07:13+08:00 ] 127.0.0.1 GET /merchat/Account/info.html
[ info ] payment.my.com/merchat/Account/info.html [运行时间：0.068410s][吞吐率：14.62req/s] [内存消耗：2,288.05kb] [文件加载：56]
[ info ] [ LANG ] E:\phpstudy2018\PHPTutorial\WWW\payment-system\thinkphp\lang\zh-cn.php
[ info ] [ ROUTE ] array (
  'type' => 'module',
  'module' => 
  array (
    0 => 'merchat',
    1 => 'Account',
    2 => 'info',
  ),
)
[ info ] [ HEADER ] array (
  'cookie' => 'pgv_pvi=5302217728; pgv_si=s1521734656; thinkphp_show_page_trace=0|0; PHPSESSID=bc6sg1e5b3r15lfe37abvjrgg2; ckCsrfToken=Wl4DL05i5G55d406YJnudF2q8gvZ3K9aI577bz6M',
  'accept-language' => 'zh-CN,zh;q=0.9',
  'accept-encoding' => 'gzip, deflate',
  'referer' => 'http://payment.my.com/merchat/Index/index.html',
  'accept' => 'text/html,application/xhtml+xml,application/xml;q=0.9,image/webp,image/apng,*/*;q=0.8',
  'user-agent' => 'Mozilla/5.0 (Windows NT 10.0; Win64; x64) AppleWebKit/537.36 (KHTML, like Gecko) Chrome/68.0.3440.106 Safari/537.36',
  'upgrade-insecure-requests' => '1',
  'connection' => 'close',
  'host' => 'payment.my.com',
)
[ info ] [ PARAM ] array (
  '/merchat/Account/info_html' => '',
)
[ info ] [ SESSION ] INIT array (
  'id' => '',
  'var_session_id' => '',
  'prefix' => 'think',
  'type' => '',
  'auto_start' => true,
)
[ info ] [ DB ] INIT mysql
[ info ] [ RUN ] app\merchat\controller\Account->info[ E:\phpstudy2018\PHPTutorial\WWW\payment-system\application\merchat\controller\Account.php ]
[ info ] [ VIEW ] E:\phpstudy2018\PHPTutorial\WWW\payment-system\public/../application/merchat\view\account\info.html [ array (
  0 => 'base',
  1 => 'detail',
) ]
[ info ] [ LOG ] INIT File
[ sql ] [ DB ] CONNECT:[ UseTime:0.001318s ] mysql:host=127.0.0.1;port=3306;dbname=payment;charset=utf8
[ sql ] [ SQL ] SHOW COLUMNS FROM `merchat` [ RunTime:0.016066s ]
[ sql ] [ SQL ] SELECT * FROM `merchat` WHERE  `id` = 1 LIMIT 1 [ RunTime:0.000423s ]
[ sql ] [ SQL ] SHOW COLUMNS FROM `merchat_detail` [ RunTime:0.017543s ]
[ sql ] [ SQL ] SELECT * FROM `merchat_detail` WHERE  `merchat_id` = 1 LIMIT 1 [ RunTime:0.000388s ]
---------------------------------------------------------------
[ 2018-08-20T11:07:21+08:00 ] 127.0.0.1 POST /merchat/login/ajaxupload.html?CKEditor=editor1&CKEditorFuncNum=1&langCode=zh-cn
[ info ] payment.my.com/merchat/login/ajaxupload.html?CKEditor=editor1&CKEditorFuncNum=1&langCode=zh-cn [运行时间：0.027784s][吞吐率：35.99req/s] [内存消耗：2,091.24kb] [文件加载：48]
[ info ] [ LANG ] E:\phpstudy2018\PHPTutorial\WWW\payment-system\thinkphp\lang\zh-cn.php
[ info ] [ ROUTE ] array (
  'type' => 'module',
  'module' => 
  array (
    0 => 'merchat',
    1 => 'login',
    2 => 'ajaxupload',
  ),
)
[ info ] [ HEADER ] array (
  'cookie' => 'pgv_pvi=5302217728; pgv_si=s1521734656; thinkphp_show_page_trace=0|0; PHPSESSID=bc6sg1e5b3r15lfe37abvjrgg2; ckCsrfToken=Wl4DL05i5G55d406YJnudF2q8gvZ3K9aI577bz6M',
  'accept-language' => 'zh-CN,zh;q=0.9',
  'accept-encoding' => 'gzip, deflate',
  'referer' => 'http://payment.my.com/merchat/Account/info.html',
  'accept' => 'text/html,application/xhtml+xml,application/xml;q=0.9,image/webp,image/apng,*/*;q=0.8',
  'user-agent' => 'Mozilla/5.0 (Windows NT 10.0; Win64; x64) AppleWebKit/537.36 (KHTML, like Gecko) Chrome/68.0.3440.106 Safari/537.36',
  'content-type' => 'multipart/form-data; boundary=----WebKitFormBoundarysusq29L1351kTQ9t',
  'upgrade-insecure-requests' => '1',
  'origin' => 'http://payment.my.com',
  'cache-control' => 'max-age=0',
  'content-length' => '19252',
  'connection' => 'close',
  'host' => 'payment.my.com',
)
[ info ] [ PARAM ] array (
  '/merchat/login/ajaxupload_html' => '',
  'CKEditor' => 'editor1',
  'CKEditorFuncNum' => '1',
  'langCode' => 'zh-cn',
)
[ info ] [ DB ] INIT mysql
[ info ] [ RUN ] app\merchat\controller\Login->ajaxUpload[ E:\phpstudy2018\PHPTutorial\WWW\payment-system\application\merchat\controller\Login.php ]
[ info ] [ LOG ] INIT File
